build/app/intermediates/manifest_merge_blame_file/release/manifest-merger-blame-release-report.txt
1<?xml version="1.0" encoding="utf-8"?>
2<manifest xmlns:android="http://schemas.android.com/apk/res/android"
3    package="com.example.abc"
4    android:versionCode="1"
5    android:versionName="1.0.0" >
6
7    <uses-sdk
8        android:minSdkVersion="21"
8-->src\main\AndroidManifest.xml
9        android:targetSdkVersion="33" />
9-->src\main\AndroidManifest.xml
10
11    <uses-permission android:name="android.permission.ACCESS_NETWORK_STATE" />
11-->src\main\AndroidManifest.xml:3:6-80
11-->src\main\AndroidManifest.xml:3:23-77
12    <uses-permission android:name="android.permission.ACCESS_FINE_LOCATION" />
12-->src\main\AndroidManifest.xml:4:6-80
12-->src\main\AndroidManifest.xml:4:23-77
13    <uses-permission android:name="android.permission.ACCESS_COARSE_LOCATION" />
13-->src\main\AndroidManifest.xml:5:6-82
13-->src\main\AndroidManifest.xml:5:23-79
14    <uses-permission android:name="android.permission.FOREGROUND_SERVICE" />
14-->[:geolocator_android] AndroidManifest.xml:9:5-77
14-->[:geolocator_android] AndroidManifest.xml:9:22-74
15
16    <queries>
16-->[:flutter_inappwebview] AndroidManifest.xml:9:5-13:15
17        <intent>
17-->[:flutter_inappwebview] AndroidManifest.xml:10:9-12:18
18            <action android:name="android.support.customtabs.action.CustomTabsService" />
18-->[:flutter_inappwebview] AndroidManifest.xml:11:13-90
18-->[:flutter_inappwebview] AndroidManifest.xml:11:21-87
19        </intent>
20        <!-- Needs to be explicitly declared on Android R+ -->
21        <package android:name="com.google.android.apps.maps" />
21-->[com.google.android.gms:play-services-maps:18.1.0] AndroidManifest.xml:33:9-64
21-->[com.google.android.gms:play-services-maps:18.1.0] AndroidManifest.xml:33:18-61
22    </queries>
23
24    <uses-permission android:name="android.permission.INTERNET" />
24-->[com.google.firebase:firebase-database:20.1.0] AndroidManifest.xml:25:5-67
24-->[com.google.firebase:firebase-database:20.1.0] AndroidManifest.xml:25:22-64
25
26    <uses-feature
26-->[com.google.android.gms:play-services-maps:18.1.0] AndroidManifest.xml:26:5-28:35
27        android:glEsVersion="0x00020000"
27-->[com.google.android.gms:play-services-maps:18.1.0] AndroidManifest.xml:27:9-41
28        android:required="true" />
28-->[com.google.android.gms:play-services-maps:18.1.0] AndroidManifest.xml:28:9-32
29
30    <permission
30-->[androidx.core:core:1.10.1] AndroidManifest.xml:22:5-24:47
31        android:name="com.example.abc.DYNAMIC_RECEIVER_NOT_EXPORTED_PERMISSION"
31-->[androidx.core:core:1.10.1] AndroidManifest.xml:23:9-81
32        android:protectionLevel="signature" />
32-->[androidx.core:core:1.10.1] AndroidManifest.xml:24:9-44
33
34    <uses-permission android:name="com.example.abc.DYNAMIC_RECEIVER_NOT_EXPORTED_PERMISSION" />
34-->[androidx.core:core:1.10.1] AndroidManifest.xml:26:5-97
34-->[androidx.core:core:1.10.1] AndroidManifest.xml:26:22-94
35
36    <application
37        android:name="android.app.Application"
37-->src\main\AndroidManifest.xml:10:9-42
38        android:appComponentFactory="androidx.core.app.CoreComponentFactory"
38-->[androidx.core:core:1.10.1] AndroidManifest.xml:28:18-86
39        android:icon="@mipmap/ic_launcher"
39-->src\main\AndroidManifest.xml:11:9-43
40        android:label="LiveWell" >
40-->src\main\AndroidManifest.xml:9:9-33
41        <meta-data
41-->src\main\AndroidManifest.xml:13:9-14:74
42            android:name="com.google.android.geo.API_KEY"
42-->src\main\AndroidManifest.xml:13:20-65
43            android:value="AIzaSyAl-NxToVOS_VhZN_yOa1r_86S_UFNnOOw" />
43-->src\main\AndroidManifest.xml:14:17-72
44
45        <activity
45-->src\main\AndroidManifest.xml:16:9-36:20
46            android:name="com.example.abc.MainActivity"
46-->src\main\AndroidManifest.xml:17:13-41
47            android:configChanges="orientation|keyboardHidden|keyboard|screenSize|smallestScreenSize|locale|layoutDirection|fontScale|screenLayout|density|uiMode"
47-->src\main\AndroidManifest.xml:21:13-163
48            android:exported="true"
48-->src\main\AndroidManifest.xml:18:13-36
49            android:hardwareAccelerated="true"
49-->src\main\AndroidManifest.xml:22:13-47
50            android:launchMode="singleTop"
50-->src\main\AndroidManifest.xml:19:13-43
51            android:theme="@style/LaunchTheme"
51-->src\main\AndroidManifest.xml:20:13-47
52            android:windowSoftInputMode="adjustResize" >
52-->src\main\AndroidManifest.xml:23:13-55
53
54            <!--
55                 Specifies an Android theme to apply to this Activity as soon as
56                 the Android process has started. This theme is visible to the user
57                 while the Flutter UI initializes. After that, this theme continues
58                 to determine the Window background behind the Flutter UI.
59            -->
60            <meta-data
60-->src\main\AndroidManifest.xml:28:13-31:17
61                android:name="io.flutter.embedding.android.NormalTheme"
61-->src\main\AndroidManifest.xml:29:15-70
62                android:resource="@style/NormalTheme" />
62-->src\main\AndroidManifest.xml:30:15-52
63
64            <intent-filter>
64-->src\main\AndroidManifest.xml:32:13-35:29
65                <action android:name="android.intent.action.MAIN" />
65-->src\main\AndroidManifest.xml:33:17-68
65-->src\main\AndroidManifest.xml:33:25-66
66
67                <category android:name="android.intent.category.LAUNCHER" />
67-->src\main\AndroidManifest.xml:34:17-76
67-->src\main\AndroidManifest.xml:34:27-74
68            </intent-filter>
69        </activity>
70        <!--
71             Don't delete the meta-data below.
72             This is used by the Flutter tool to generate GeneratedPluginRegistrant.java
73        -->
74        <meta-data
74-->src\main\AndroidManifest.xml:39:9-41:33
75            android:name="flutterEmbedding"
75-->src\main\AndroidManifest.xml:40:13-44
76            android:value="2" />
76-->src\main\AndroidManifest.xml:41:13-30
77
78        <service
78-->[:firebase_database] AndroidManifest.xml:10:9-14:19
79            android:name="com.google.firebase.components.ComponentDiscoveryService"
79-->[:firebase_database] AndroidManifest.xml:10:18-89
80            android:directBootAware="true"
80-->[com.google.firebase:firebase-common:20.3.1] AndroidManifest.xml:34:13-43
81            android:exported="false" >
81-->[com.google.firebase:firebase-database:20.1.0] AndroidManifest.xml:30:13-37
82            <meta-data
82-->[:firebase_database] AndroidManifest.xml:11:13-13:85
83                android:name="com.google.firebase.components:io.flutter.plugins.firebase.database.FlutterFirebaseAppRegistrar"
83-->[:firebase_database] AndroidManifest.xml:12:17-127
84                android:value="com.google.firebase.components.ComponentRegistrar" />
84-->[:firebase_database] AndroidManifest.xml:13:17-82
85            <meta-data
85-->[:cloud_firestore] AndroidManifest.xml:11:13-13:85
86                android:name="com.google.firebase.components:io.flutter.plugins.firebase.firestore.FlutterFirebaseFirestoreRegistrar"
86-->[:cloud_firestore] AndroidManifest.xml:12:17-134
87                android:value="com.google.firebase.components.ComponentRegistrar" />
87-->[:cloud_firestore] AndroidManifest.xml:13:17-82
88            <meta-data
88-->[:firebase_auth] AndroidManifest.xml:11:13-13:85
89                android:name="com.google.firebase.components:io.flutter.plugins.firebase.auth.FlutterFirebaseAuthRegistrar"
89-->[:firebase_auth] AndroidManifest.xml:12:17-124
90                android:value="com.google.firebase.components.ComponentRegistrar" />
90-->[:firebase_auth] AndroidManifest.xml:13:17-82
91            <meta-data
91-->[:firebase_core] AndroidManifest.xml:11:13-13:85
92                android:name="com.google.firebase.components:io.flutter.plugins.firebase.core.FlutterFirebaseCoreRegistrar"
92-->[:firebase_core] AndroidManifest.xml:12:17-124
93                android:value="com.google.firebase.components.ComponentRegistrar" />
93-->[:firebase_core] AndroidManifest.xml:13:17-82
94            <meta-data
94-->[com.google.firebase:firebase-database:20.1.0] AndroidManifest.xml:31:13-33:85
95                android:name="com.google.firebase.components:com.google.firebase.database.DatabaseRegistrar"
95-->[com.google.firebase:firebase-database:20.1.0] AndroidManifest.xml:32:17-109
96                android:value="com.google.firebase.components.ComponentRegistrar" />
96-->[com.google.firebase:firebase-database:20.1.0] AndroidManifest.xml:33:17-82
97            <meta-data
97-->[com.google.firebase:firebase-auth:21.1.0] AndroidManifest.xml:67:13-69:85
98                android:name="com.google.firebase.components:com.google.firebase.auth.FirebaseAuthRegistrar"
98-->[com.google.firebase:firebase-auth:21.1.0] AndroidManifest.xml:68:17-109
99                android:value="com.google.firebase.components.ComponentRegistrar" />
99-->[com.google.firebase:firebase-auth:21.1.0] AndroidManifest.xml:69:17-82
100            <meta-data
100-->[com.google.firebase:firebase-firestore:24.4.4] AndroidManifest.xml:19:13-21:85
101                android:name="com.google.firebase.components:com.google.firebase.firestore.FirestoreRegistrar"
101-->[com.google.firebase:firebase-firestore:24.4.4] AndroidManifest.xml:20:17-111
102                android:value="com.google.firebase.components.ComponentRegistrar" />
102-->[com.google.firebase:firebase-firestore:24.4.4] AndroidManifest.xml:21:17-82
103        </service>
104        <service
104-->[:geolocator_android] AndroidManifest.xml:12:9-16:56
105            android:name="com.baseflow.geolocator.GeolocatorLocationService"
105-->[:geolocator_android] AndroidManifest.xml:13:13-77
106            android:enabled="true"
106-->[:geolocator_android] AndroidManifest.xml:14:13-35
107            android:exported="false"
107-->[:geolocator_android] AndroidManifest.xml:15:13-37
108            android:foregroundServiceType="location" />
108-->[:geolocator_android] AndroidManifest.xml:16:13-53
109
110        <provider
110-->[:image_picker_android] AndroidManifest.xml:10:9-18:20
111            android:name="io.flutter.plugins.imagepicker.ImagePickerFileProvider"
111-->[:image_picker_android] AndroidManifest.xml:11:13-82
112            android:authorities="com.example.abc.flutter.image_provider"
112-->[:image_picker_android] AndroidManifest.xml:12:13-74
113            android:exported="false"
113-->[:image_picker_android] AndroidManifest.xml:13:13-37
114            android:grantUriPermissions="true" >
114-->[:image_picker_android] AndroidManifest.xml:14:13-47
115            <meta-data
115-->[:image_picker_android] AndroidManifest.xml:15:13-17:75
116                android:name="android.support.FILE_PROVIDER_PATHS"
116-->[:image_picker_android] AndroidManifest.xml:16:17-67
117                android:resource="@xml/flutter_image_picker_file_paths" />
117-->[:image_picker_android] AndroidManifest.xml:17:17-72
118        </provider>
119
120        <activity
120-->[:url_launcher_android] AndroidManifest.xml:10:9-13:74
121            android:name="io.flutter.plugins.urllauncher.WebViewActivity"
121-->[:url_launcher_android] AndroidManifest.xml:11:13-74
122            android:exported="false"
122-->[:url_launcher_android] AndroidManifest.xml:12:13-37
123            android:theme="@android:style/Theme.NoTitleBar.Fullscreen" />
123-->[:url_launcher_android] AndroidManifest.xml:13:13-71
124
125        <provider
125-->[:flutter_webview_plugin] AndroidManifest.xml:11:9-20:20
126            android:name="androidx.core.content.FileProvider"
126-->[:flutter_webview_plugin] AndroidManifest.xml:12:13-62
127            android:authorities="com.example.abc.fileprovider"
127-->[:flutter_webview_plugin] AndroidManifest.xml:13:13-64
128            android:exported="false"
128-->[:flutter_webview_plugin] AndroidManifest.xml:14:13-37
129            android:grantUriPermissions="true" >
129-->[:flutter_webview_plugin] AndroidManifest.xml:15:13-47
130            <meta-data
130-->[:image_picker_android] AndroidManifest.xml:15:13-17:75
131                android:name="android.support.FILE_PROVIDER_PATHS"
131-->[:image_picker_android] AndroidManifest.xml:16:17-67
132                android:resource="@xml/filepaths" />
132-->[:image_picker_android] AndroidManifest.xml:17:17-72
133        </provider>
134
135        <activity
135-->[:flutter_inappwebview] AndroidManifest.xml:16:9-20:47
136            android:name="com.pichillilorenzo.flutter_inappwebview.in_app_browser.InAppBrowserActivity"
136-->[:flutter_inappwebview] AndroidManifest.xml:17:13-104
137            android:configChanges="orientation|keyboardHidden|keyboard|screenSize|locale|layoutDirection|fontScale|screenLayout|density"
137-->[:flutter_inappwebview] AndroidManifest.xml:18:13-137
138            android:exported="false"
138-->[:flutter_inappwebview] AndroidManifest.xml:19:13-37
139            android:theme="@style/AppTheme" />
139-->[:flutter_inappwebview] AndroidManifest.xml:20:13-44
140        <activity
140-->[:flutter_inappwebview] AndroidManifest.xml:21:9-24:55
141            android:name="com.pichillilorenzo.flutter_inappwebview.chrome_custom_tabs.ChromeCustomTabsActivity"
141-->[:flutter_inappwebview] AndroidManifest.xml:22:13-112
142            android:exported="false"
142-->[:flutter_inappwebview] AndroidManifest.xml:23:13-37
143            android:theme="@style/ThemeTransparent" />
143-->[:flutter_inappwebview] AndroidManifest.xml:24:13-52
144        <activity
144-->[:flutter_inappwebview] AndroidManifest.xml:25:9-28:55
145            android:name="com.pichillilorenzo.flutter_inappwebview.chrome_custom_tabs.TrustedWebActivity"
145-->[:flutter_inappwebview] AndroidManifest.xml:26:13-106
146            android:exported="false"
146-->[:flutter_inappwebview] AndroidManifest.xml:27:13-37
147            android:theme="@style/ThemeTransparent" />
147-->[:flutter_inappwebview] AndroidManifest.xml:28:13-52
148        <activity
148-->[:flutter_inappwebview] AndroidManifest.xml:29:9-33:55
149            android:name="com.pichillilorenzo.flutter_inappwebview.chrome_custom_tabs.ChromeCustomTabsActivitySingleInstance"
149-->[:flutter_inappwebview] AndroidManifest.xml:30:13-126
150            android:exported="false"
150-->[:flutter_inappwebview] AndroidManifest.xml:31:13-37
151            android:launchMode="singleInstance"
151-->[:flutter_inappwebview] AndroidManifest.xml:32:13-48
152            android:theme="@style/ThemeTransparent" />
152-->[:flutter_inappwebview] AndroidManifest.xml:33:13-52
153        <activity
153-->[:flutter_inappwebview] AndroidManifest.xml:34:9-38:55
154            android:name="com.pichillilorenzo.flutter_inappwebview.chrome_custom_tabs.TrustedWebActivitySingleInstance"
154-->[:flutter_inappwebview] AndroidManifest.xml:35:13-120
155            android:exported="false"
155-->[:flutter_inappwebview] AndroidManifest.xml:36:13-37
156            android:launchMode="singleInstance"
156-->[:flutter_inappwebview] AndroidManifest.xml:37:13-48
157            android:theme="@style/ThemeTransparent" />
157-->[:flutter_inappwebview] AndroidManifest.xml:38:13-52
158
159        <receiver
159-->[:flutter_inappwebview] AndroidManifest.xml:40:9-43:40
160            android:name="com.pichillilorenzo.flutter_inappwebview.chrome_custom_tabs.ActionBroadcastReceiver"
160-->[:flutter_inappwebview] AndroidManifest.xml:41:13-111
161            android:enabled="true"
161-->[:flutter_inappwebview] AndroidManifest.xml:42:13-35
162            android:exported="false" />
162-->[:flutter_inappwebview] AndroidManifest.xml:43:13-37
163
164        <meta-data
164-->[:flutter_inappwebview] AndroidManifest.xml:45:9-47:36
165            android:name="io.flutter.embedded_views_preview"
165-->[:flutter_inappwebview] AndroidManifest.xml:46:13-61
166            android:value="true" />
166-->[:flutter_inappwebview] AndroidManifest.xml:47:13-33
167
168        <service
168-->[:location] AndroidManifest.xml:13:9-17:56
169            android:name="com.lyokone.location.FlutterLocationService"
169-->[:location] AndroidManifest.xml:14:13-71
170            android:enabled="true"
170-->[:location] AndroidManifest.xml:15:13-35
171            android:exported="false"
171-->[:location] AndroidManifest.xml:16:13-37
172            android:foregroundServiceType="location" />
172-->[:location] AndroidManifest.xml:17:13-53
173
174        <activity
174-->[com.google.android.gms:play-services-auth:20.4.0] AndroidManifest.xml:23:9-27:75
175            android:name="com.google.android.gms.auth.api.signin.internal.SignInHubActivity"
175-->[com.google.android.gms:play-services-auth:20.4.0] AndroidManifest.xml:24:13-93
176            android:excludeFromRecents="true"
176-->[com.google.android.gms:play-services-auth:20.4.0] AndroidManifest.xml:25:13-46
177            android:exported="false"
177-->[com.google.android.gms:play-services-auth:20.4.0] AndroidManifest.xml:26:13-37
178            android:theme="@android:style/Theme.Translucent.NoTitleBar" />
178-->[com.google.android.gms:play-services-auth:20.4.0] AndroidManifest.xml:27:13-72
179        <!--
180            Service handling Google Sign-In user revocation. For apps that do not integrate with
181            Google Sign-In, this service will never be started.
182        -->
183        <service
183-->[com.google.android.gms:play-services-auth:20.4.0] AndroidManifest.xml:33:9-37:51
184            android:name="com.google.android.gms.auth.api.signin.RevocationBoundService"
184-->[com.google.android.gms:play-services-auth:20.4.0] AndroidManifest.xml:34:13-89
185            android:exported="true"
185-->[com.google.android.gms:play-services-auth:20.4.0] AndroidManifest.xml:35:13-36
186            android:permission="com.google.android.gms.auth.api.signin.permission.REVOCATION_NOTIFICATION"
186-->[com.google.android.gms:play-services-auth:20.4.0] AndroidManifest.xml:36:13-107
187            android:visibleToInstantApps="true" />
187-->[com.google.android.gms:play-services-auth:20.4.0] AndroidManifest.xml:37:13-48
188
189        <activity
189-->[com.google.firebase:firebase-auth:21.1.0] AndroidManifest.xml:27:9-44:20
190            android:name="com.google.firebase.auth.internal.GenericIdpActivity"
190-->[com.google.firebase:firebase-auth:21.1.0] AndroidManifest.xml:28:13-80
191            android:excludeFromRecents="true"
191-->[com.google.firebase:firebase-auth:21.1.0] AndroidManifest.xml:29:13-46
192            android:exported="true"
192-->[com.google.firebase:firebase-auth:21.1.0] AndroidManifest.xml:30:13-36
193            android:launchMode="singleTask"
193-->[com.google.firebase:firebase-auth:21.1.0] AndroidManifest.xml:31:13-44
194            android:theme="@android:style/Theme.Translucent.NoTitleBar" >
194-->[com.google.firebase:firebase-auth:21.1.0] AndroidManifest.xml:32:13-72
195            <intent-filter>
195-->[com.google.firebase:firebase-auth:21.1.0] AndroidManifest.xml:33:13-43:29
196                <action android:name="android.intent.action.VIEW" />
196-->[com.google.firebase:firebase-auth:21.1.0] AndroidManifest.xml:34:17-69
196-->[com.google.firebase:firebase-auth:21.1.0] AndroidManifest.xml:34:25-66
197
198                <category android:name="android.intent.category.DEFAULT" />
198-->[com.google.firebase:firebase-auth:21.1.0] AndroidManifest.xml:36:17-76
198-->[com.google.firebase:firebase-auth:21.1.0] AndroidManifest.xml:36:27-73
199                <category android:name="android.intent.category.BROWSABLE" />
199-->[com.google.firebase:firebase-auth:21.1.0] AndroidManifest.xml:37:17-78
199-->[com.google.firebase:firebase-auth:21.1.0] AndroidManifest.xml:37:27-75
200
201                <data
201-->[com.google.firebase:firebase-auth:21.1.0] AndroidManifest.xml:39:17-42:51
202                    android:host="firebase.auth"
202-->[com.google.firebase:firebase-auth:21.1.0] AndroidManifest.xml:40:21-49
203                    android:path="/"
203-->[com.google.firebase:firebase-auth:21.1.0] AndroidManifest.xml:41:21-37
204                    android:scheme="genericidp" />
204-->[com.google.firebase:firebase-auth:21.1.0] AndroidManifest.xml:42:21-48
205            </intent-filter>
206        </activity>
207        <activity
207-->[com.google.firebase:firebase-auth:21.1.0] AndroidManifest.xml:45:9-62:20
208            android:name="com.google.firebase.auth.internal.RecaptchaActivity"
208-->[com.google.firebase:firebase-auth:21.1.0] AndroidManifest.xml:46:13-79
209            android:excludeFromRecents="true"
209-->[com.google.firebase:firebase-auth:21.1.0] AndroidManifest.xml:47:13-46
210            android:exported="true"
210-->[com.google.firebase:firebase-auth:21.1.0] AndroidManifest.xml:48:13-36
211            android:launchMode="singleTask"
211-->[com.google.firebase:firebase-auth:21.1.0] AndroidManifest.xml:49:13-44
212            android:theme="@android:style/Theme.Translucent.NoTitleBar" >
212-->[com.google.firebase:firebase-auth:21.1.0] AndroidManifest.xml:50:13-72
213            <intent-filter>
213-->[com.google.firebase:firebase-auth:21.1.0] AndroidManifest.xml:51:13-61:29
214                <action android:name="android.intent.action.VIEW" />
214-->[com.google.firebase:firebase-auth:21.1.0] AndroidManifest.xml:34:17-69
214-->[com.google.firebase:firebase-auth:21.1.0] AndroidManifest.xml:34:25-66
215
216                <category android:name="android.intent.category.DEFAULT" />
216-->[com.google.firebase:firebase-auth:21.1.0] AndroidManifest.xml:36:17-76
216-->[com.google.firebase:firebase-auth:21.1.0] AndroidManifest.xml:36:27-73
217                <category android:name="android.intent.category.BROWSABLE" />
217-->[com.google.firebase:firebase-auth:21.1.0] AndroidManifest.xml:37:17-78
217-->[com.google.firebase:firebase-auth:21.1.0] AndroidManifest.xml:37:27-75
218
219                <data
219-->[com.google.firebase:firebase-auth:21.1.0] AndroidManifest.xml:39:17-42:51
220                    android:host="firebase.auth"
220-->[com.google.firebase:firebase-auth:21.1.0] AndroidManifest.xml:40:21-49
221                    android:path="/"
221-->[com.google.firebase:firebase-auth:21.1.0] AndroidManifest.xml:41:21-37
222                    android:scheme="recaptcha" />
222-->[com.google.firebase:firebase-auth:21.1.0] AndroidManifest.xml:42:21-48
223            </intent-filter>
224        </activity> <!-- Needs to be explicitly declared on P+ -->
225        <uses-library
225-->[com.google.android.gms:play-services-maps:18.1.0] AndroidManifest.xml:39:9-41:40
226            android:name="org.apache.http.legacy"
226-->[com.google.android.gms:play-services-maps:18.1.0] AndroidManifest.xml:40:13-50
227            android:required="false" />
227-->[com.google.android.gms:play-services-maps:18.1.0] AndroidManifest.xml:41:13-37
228
229        <activity
229-->[com.google.android.gms:play-services-base:18.1.0] AndroidManifest.xml:20:9-22:45
230            android:name="com.google.android.gms.common.api.GoogleApiActivity"
230-->[com.google.android.gms:play-services-base:18.1.0] AndroidManifest.xml:20:19-85
231            android:exported="false"
231-->[com.google.android.gms:play-services-base:18.1.0] AndroidManifest.xml:22:19-43
232            android:theme="@android:style/Theme.Translucent.NoTitleBar" />
232-->[com.google.android.gms:play-services-base:18.1.0] AndroidManifest.xml:21:19-78
233
234        <provider
234-->[com.google.firebase:firebase-common:20.3.1] AndroidManifest.xml:25:9-30:39
235            android:name="com.google.firebase.provider.FirebaseInitProvider"
235-->[com.google.firebase:firebase-common:20.3.1] AndroidManifest.xml:26:13-77
236            android:authorities="com.example.abc.firebaseinitprovider"
236-->[com.google.firebase:firebase-common:20.3.1] AndroidManifest.xml:27:13-72
237            android:directBootAware="true"
237-->[com.google.firebase:firebase-common:20.3.1] AndroidManifest.xml:28:13-43
238            android:exported="false"
238-->[com.google.firebase:firebase-common:20.3.1] AndroidManifest.xml:29:13-37
239            android:initOrder="100" />
239-->[com.google.firebase:firebase-common:20.3.1] AndroidManifest.xml:30:13-36
240
241        <meta-data
241-->[com.google.android.gms:play-services-basement:18.1.0] AndroidManifest.xml:21:9-23:69
242            android:name="com.google.android.gms.version"
242-->[com.google.android.gms:play-services-basement:18.1.0] AndroidManifest.xml:22:13-58
243            android:value="@integer/google_play_services_version" />
243-->[com.google.android.gms:play-services-basement:18.1.0] AndroidManifest.xml:23:13-66
244
245        <uses-library
245-->[androidx.window:window:1.0.0-beta04] AndroidManifest.xml:25:9-27:40
246            android:name="androidx.window.extensions"
246-->[androidx.window:window:1.0.0-beta04] AndroidManifest.xml:26:13-54
247            android:required="false" />
247-->[androidx.window:window:1.0.0-beta04] AndroidManifest.xml:27:13-37
248        <uses-library
248-->[androidx.window:window:1.0.0-beta04] AndroidManifest.xml:28:9-30:40
249            android:name="androidx.window.sidecar"
249-->[androidx.window:window:1.0.0-beta04] AndroidManifest.xml:29:13-51
250            android:required="false" />
250-->[androidx.window:window:1.0.0-beta04] AndroidManifest.xml:30:13-37
251
252        <provider
252-->[androidx.emoji2:emoji2:1.2.0] AndroidManifest.xml:24:9-32:20
253            android:name="androidx.startup.InitializationProvider"
253-->[androidx.emoji2:emoji2:1.2.0] AndroidManifest.xml:25:13-67
254            android:authorities="com.example.abc.androidx-startup"
254-->[androidx.emoji2:emoji2:1.2.0] AndroidManifest.xml:26:13-68
255            android:exported="false" >
255-->[androidx.emoji2:emoji2:1.2.0] AndroidManifest.xml:27:13-37
256            <meta-data
256-->[androidx.emoji2:emoji2:1.2.0] AndroidManifest.xml:29:13-31:52
257                android:name="androidx.emoji2.text.EmojiCompatInitializer"
257-->[androidx.emoji2:emoji2:1.2.0] AndroidManifest.xml:30:17-75
258                android:value="androidx.startup" />
258-->[androidx.emoji2:emoji2:1.2.0] AndroidManifest.xml:31:17-49
259            <meta-data
259-->[androidx.lifecycle:lifecycle-process:2.4.1] AndroidManifest.xml:31:13-33:52
260                android:name="androidx.lifecycle.ProcessLifecycleInitializer"
260-->[androidx.lifecycle:lifecycle-process:2.4.1] AndroidManifest.xml:32:17-78
261                android:value="androidx.startup" />
261-->[androidx.lifecycle:lifecycle-process:2.4.1] AndroidManifest.xml:33:17-49
262        </provider>
263    </application>
264
265</manifest>